Determining if the pthread_create exist failed with the following output:
Change Dir: /home/kentw/cmake_build/build/CMakeFiles/CMakeTmp

Run Build Command:"/usr/bin/gmake" "cmTC_7de95/fast"
/usr/bin/gmake -f CMakeFiles/cmTC_7de95.dir/build.make CMakeFiles/cmTC_7de95.dir/build
gmake[1]: Entering directory '/home/kentw/cmake_build/build/CMakeFiles/CMakeTmp'
Building C object CMakeFiles/cmTC_7de95.dir/CheckSymbolExists.c.o
/usr/bin/cc    -o CMakeFiles/cmTC_7de95.dir/CheckSymbolExists.c.o   -c /home/kentw/cmake_build/build/CMakeFiles/CMakeTmp/CheckSymbolExists.c
Linking C executable cmTC_7de95
/usr/bin/cmake -E cmake_link_script CMakeFiles/cmTC_7de95.dir/link.txt --verbose=1
/usr/bin/cc      -rdynamic CMakeFiles/cmTC_7de95.dir/CheckSymbolExists.c.o  -o cmTC_7de95 
CMakeFiles/cmTC_7de95.dir/CheckSymbolExists.c.o: In function `main':
CheckSymbolExists.c:(.text+0x16): undefined reference to `pthread_create'
collect2: error: ld returned 1 exit status
gmake[1]: *** [CMakeFiles/cmTC_7de95.dir/build.make:98: cmTC_7de95] Error 1
gmake[1]: Leaving directory '/home/kentw/cmake_build/build/CMakeFiles/CMakeTmp'
gmake: *** [Makefile:126: cmTC_7de95/fast] Error 2

File /home/kentw/cmake_build/build/CMakeFiles/CMakeTmp/CheckSymbolExists.c:
/* */
#include <pthread.h>

int main(int argc, char** argv)
{
  (void)argv;
#ifndef pthread_create
  return ((int*)(&pthread_create))[argc];
#else
  (void)argc;
  return 0;
#endif
}

Determining if the function pthread_create exists in the pthreads failed with the following output:
Change Dir: /home/kentw/cmake_build/build/CMakeFiles/CMakeTmp

Run Build Command:"/usr/bin/gmake" "cmTC_b9766/fast"
/usr/bin/gmake -f CMakeFiles/cmTC_b9766.dir/build.make CMakeFiles/cmTC_b9766.dir/build
gmake[1]: Entering directory '/home/kentw/cmake_build/build/CMakeFiles/CMakeTmp'
Building C object CMakeFiles/cmTC_b9766.dir/CheckFunctionExists.c.o
/usr/bin/cc   -DCHECK_FUNCTION_EXISTS=pthread_create   -o CMakeFiles/cmTC_b9766.dir/CheckFunctionExists.c.o   -c /usr/share/cmake/Modules/CheckFunctionExists.c
Linking C executable cmTC_b9766
/usr/bin/cmake -E cmake_link_script CMakeFiles/cmTC_b9766.dir/link.txt --verbose=1
/usr/bin/cc  -DCHECK_FUNCTION_EXISTS=pthread_create    -rdynamic CMakeFiles/cmTC_b9766.dir/CheckFunctionExists.c.o  -o cmTC_b9766 -lpthreads 
/usr/bin/ld: cannot find -lpthreads
collect2: error: ld returned 1 exit status
gmake[1]: *** [CMakeFiles/cmTC_b9766.dir/build.make:98: cmTC_b9766] Error 1
gmake[1]: Leaving directory '/home/kentw/cmake_build/build/CMakeFiles/CMakeTmp'
gmake: *** [Makefile:126: cmTC_b9766/fast] Error 2


